<?xml version="1.0" encoding="UTF-8"?>
<testsuite xmlns:xsi="http://www.w3.org/2001/XMLSchema-instance" xsi:noNamespaceSchemaLocation="https://maven.apache.org/surefire/maven-surefire-plugin/xsd/surefire-test-report.xsd" name="SocialMagnet.Control.TestLogin" time="0.063" tests="2" errors="0" skipped="0" failures="0">
  <properties>
    <property name="java.specification.version" value="13"/>
    <property name="sun.cpu.isalist" value="amd64"/>
    <property name="sun.jnu.encoding" value="Cp1252"/>
    <property name="java.class.path" value="c:\Users\samuelchia.2018\Documents\GitHub\is442-g1t7-is442\target\test-classes;c:\Users\samuelchia.2018\Documents\GitHub\is442-g1t7-is442\target\classes;C:\Users\samuelchia.2018\.m2\repository\org\junit\jupiter\junit-jupiter-engine\5.3.1\junit-jupiter-engine-5.3.1.jar;C:\Users\samuelchia.2018\.m2\repository\org\apiguardian\apiguardian-api\1.0.0\apiguardian-api-1.0.0.jar;C:\Users\samuelchia.2018\.m2\repository\org\junit\platform\junit-platform-engine\1.3.1\junit-platform-engine-1.3.1.jar;C:\Users\samuelchia.2018\.m2\repository\org\junit\platform\junit-platform-commons\1.3.1\junit-platform-commons-1.3.1.jar;C:\Users\samuelchia.2018\.m2\repository\org\opentest4j\opentest4j\1.1.1\opentest4j-1.1.1.jar;C:\Users\samuelchia.2018\.m2\repository\org\junit\jupiter\junit-jupiter-api\5.3.1\junit-jupiter-api-5.3.1.jar;C:\Users\samuelchia.2018\.m2\repository\com\microsoft\sqlserver\mssql-jdbc\8.2.1.jre13\mssql-jdbc-8.2.1.jre13.jar;C:\Users\samuelchia.2018\.m2\repository\mysql\mysql-connector-java\5.1.45\mysql-connector-java-5.1.45.jar;"/>
    <property name="java.vm.vendor" value="Oracle Corporation"/>
    <property name="sun.arch.data.model" value="64"/>
    <property name="user.variant" value=""/>
    <property name="java.vendor.url" value="https://java.oracle.com/"/>
    <property name="user.timezone" value="Asia/Singapore"/>
    <property name="os.name" value="Windows 10"/>
    <property name="java.vm.specification.version" value="13"/>
    <property name="sun.java.launcher" value="SUN_STANDARD"/>
    <property name="user.country" value="SG"/>
    <property name="sun.boot.library.path" value="C:\Users\samuelchia.2018\Documents\Y2S2\OOP\openjdk-13.0.2_windows-x64_bin\jdk-13.0.2\bin"/>
    <property name="sun.java.command" value="C:\Users\SAMUEL~1.201\AppData\Local\Temp\surefire8557106900147469111\surefirebooter1165294661995484621.jar C:\Users\samuelchia.2018\AppData\Local\Temp\surefire8557106900147469111 2020-04-08T20-28-09_399-jvmRun1 surefire13528692337904036819tmp surefire_018110930101709511345tmp"/>
    <property name="jdk.debug" value="release"/>
    <property name="surefire.test.class.path" value="c:\Users\samuelchia.2018\Documents\GitHub\is442-g1t7-is442\target\test-classes;c:\Users\samuelchia.2018\Documents\GitHub\is442-g1t7-is442\target\classes;C:\Users\samuelchia.2018\.m2\repository\org\junit\jupiter\junit-jupiter-engine\5.3.1\junit-jupiter-engine-5.3.1.jar;C:\Users\samuelchia.2018\.m2\repository\org\apiguardian\apiguardian-api\1.0.0\apiguardian-api-1.0.0.jar;C:\Users\samuelchia.2018\.m2\repository\org\junit\platform\junit-platform-engine\1.3.1\junit-platform-engine-1.3.1.jar;C:\Users\samuelchia.2018\.m2\repository\org\junit\platform\junit-platform-commons\1.3.1\junit-platform-commons-1.3.1.jar;C:\Users\samuelchia.2018\.m2\repository\org\opentest4j\opentest4j\1.1.1\opentest4j-1.1.1.jar;C:\Users\samuelchia.2018\.m2\repository\org\junit\jupiter\junit-jupiter-api\5.3.1\junit-jupiter-api-5.3.1.jar;C:\Users\samuelchia.2018\.m2\repository\com\microsoft\sqlserver\mssql-jdbc\8.2.1.jre13\mssql-jdbc-8.2.1.jre13.jar;C:\Users\samuelchia.2018\.m2\repository\mysql\mysql-connector-java\5.1.45\mysql-connector-java-5.1.45.jar;"/>
    <property name="sun.cpu.endian" value="little"/>
    <property name="user.home" value="C:\Users\samuelchia.2018"/>
    <property name="user.language" value="en"/>
    <property name="java.specification.vendor" value="Oracle Corporation"/>
    <property name="java.version.date" value="2020-01-14"/>
    <property name="java.home" value="C:\Users\samuelchia.2018\Documents\Y2S2\OOP\openjdk-13.0.2_windows-x64_bin\jdk-13.0.2"/>
    <property name="file.separator" value="\"/>
    <property name="basedir" value="c:\Users\samuelchia.2018\Documents\GitHub\is442-g1t7-is442"/>
    <property name="java.vm.compressedOopsMode" value="32-bit"/>
    <property name="line.separator" value="&#10;"/>
    <property name="java.vm.specification.vendor" value="Oracle Corporation"/>
    <property name="java.specification.name" value="Java Platform API Specification"/>
    <property name="surefire.real.class.path" value="C:\Users\SAMUEL~1.201\AppData\Local\Temp\surefire8557106900147469111\surefirebooter1165294661995484621.jar"/>
    <property name="user.script" value=""/>
    <property name="sun.management.compiler" value="HotSpot 64-Bit Tiered Compilers"/>
    <property name="java.runtime.version" value="13.0.2+8"/>
    <property name="user.name" value="samuelchia.2018"/>
    <property name="path.separator" value=";"/>
    <property name="os.version" value="10.0"/>
    <property name="java.runtime.name" value="OpenJDK Runtime Environment"/>
    <property name="file.encoding" value="Cp1252"/>
    <property name="java.vm.name" value="OpenJDK 64-Bit Server VM"/>
    <property name="localRepository" value="C:\Users\samuelchia.2018\.m2\repository"/>
    <property name="java.vendor.url.bug" value="https://bugreport.java.com/bugreport/"/>
    <property name="java.io.tmpdir" value="C:\Users\SAMUEL~1.201\AppData\Local\Temp\"/>
    <property name="java.version" value="13.0.2"/>
    <property name="user.dir" value="c:\Users\samuelchia.2018\Documents\GitHub\is442-g1t7-is442"/>
    <property name="os.arch" value="amd64"/>
    <property name="java.vm.specification.name" value="Java Virtual Machine Specification"/>
    <property name="sun.os.patch.level" value=""/>
    <property name="java.library.path" value="C:\Users\samuelchia.2018\Documents\Y2S2\OOP\openjdk-13.0.2_windows-x64_bin\jdk-13.0.2\bin;C:\Windows\Sun\Java\bin;C:\Windows\system32;C:\Windows;C:\Python38\Scripts\;C:\Python38\;C:\Program Files (x86)\Common Files\Intel\Shared Libraries\redist\intel64\compiler;C:\Program Files (x86)\Intel\iCLS Client\;C:\Program Files\Intel\iCLS Client\;C:\Windows\system32;C:\Windows;C:\Windows\System32\Wbem;C:\Windows\System32\WindowsPowerShell\v1.0\;C:\Windows\System32\OpenSSH\;C:\Program Files (x86)\Intel\Intel(R) Management Engine Components\DAL;C:\Program Files\Intel\Intel(R) Management Engine Components\DAL;C:\Program Files (x86)\Intel\Intel(R) Management Engine Components\IPT;C:\Program Files\Intel\Intel(R) Management Engine Components\IPT;C:\Program Files\Intel\WiFi\bin\;C:\Program Files\Common Files\Intel\WirelessCommon\;C:\Program Files\PuTTY\;C:\Program Files\nodejs\;C:\ProgramData\chocolatey\bin;C:\wamp64\bin\php\php5.6.38;C:\ProgramData\ComposerSetup\bin;C:\Program Files\Docker\Docker\resources\bin;C:\ProgramData\DockerDesktop\version-bin;C:\Users\samuelchia.2018\AppData\Local\Programs\Python\Python37\Scripts\;C:\Users\samuelchia.2018\AppData\Local\Programs\Python\Python37\;C:\Users\samuelchia.2018\AppData\Local\Microsoft\WindowsApps;C:\Program Files\Intel\WiFi\bin\;C:\Program Files\Common Files\Intel\WirelessCommon\;C:\Users\samuelchia.2018\AppData\Local\Programs\Microsoft VS Code\bin;C:\Users\samuelchia.2018\AppData\Local\Programs\Fiddler;C:\Users\samuelchia.2018\AppData\Local\GitHubDesktop\bin;C:\Users\samuelchia.2018\Documents\Y2S2\OOP\openjdk-13.0.2_windows-x64_bin\jdk-13.0.2\bin;C:\Users\samuelchia.2018\AppData\Roaming\npm;C:\Users\samuelchia.2018\AppData\Roaming\Composer\vendor\bin;C:\wamp64\bin\php\php7.2.10\;C:\Users\samuelchia.2018\Documents\Y2S2\OOP\apache-maven-3.6.3-bin\apache-maven-3.6.3\bin;C:\Users\samuelchia.2018\Documents\Y1S2\IS112\mysql-workbench-community-6.2.5-winx64-noinstall\MySQL Workbench 6.2.5 CE (winx64);;."/>
    <property name="java.vm.info" value="mixed mode, sharing"/>
    <property name="java.vendor" value="Oracle Corporation"/>
    <property name="java.vm.version" value="13.0.2+8"/>
    <property name="sun.io.unicode.encoding" value="UnicodeLittle"/>
    <property name="java.class.version" value="57.0"/>
  </properties>
  <testcase name="testSuccessfulLogin" classname="SocialMagnet.Control.TestLogin" time="0"/>
  <testcase name="testUnsuccessfulLogin" classname="SocialMagnet.Control.TestLogin" time="0"/>
</testsuite>